

Started GET "/" for ::1 at 2015-08-16 18:41:11 -0500
Processing by Rails::WelcomeController#index as HTML
  Rendered /Users/aj029489/.rvm/gems/ruby-2.1.5/gems/railties-4.2.3/lib/rails/templates/rails/welcome/index.html.erb (1.9ms)
Completed 200 OK in 18ms (Views: 9.7ms | ActiveRecord: 0.0ms)


Started GET "/" for ::1 at 2015-08-16 18:59:13 -0500
Processing by Rails::WelcomeController#index as HTML
  Rendered /Users/aj029489/.rvm/gems/ruby-2.1.5/gems/railties-4.2.3/lib/rails/templates/rails/welcome/index.html.erb (2.1ms)
Completed 200 OK in 18ms (Views: 9.3ms | ActiveRecord: 0.0ms)


Started GET "/" for ::1 at 2015-08-16 18:59:14 -0500
Processing by Rails::WelcomeController#index as HTML
  Rendered /Users/aj029489/.rvm/gems/ruby-2.1.5/gems/railties-4.2.3/lib/rails/templates/rails/welcome/index.html.erb (0.0ms)
Completed 200 OK in 1ms (Views: 1.0ms | ActiveRecord: 0.0ms)


Started GET "/" for ::1 at 2015-08-16 20:06:55 -0500
Processing by Rails::WelcomeController#index as HTML
  Rendered /Users/aj029489/.rvm/gems/ruby-2.1.5/gems/railties-4.2.3/lib/rails/templates/rails/welcome/index.html.erb (0.2ms)
Completed 200 OK in 3ms (Views: 2.6ms | ActiveRecord: 0.0ms)


Started GET "/" for ::1 at 2015-08-16 20:19:53 -0500
Processing by Rails::WelcomeController#index as HTML
  Rendered /Users/aj029489/.rvm/gems/ruby-2.1.5/gems/railties-4.2.3/lib/rails/templates/rails/welcome/index.html.erb (2.1ms)
Completed 200 OK in 19ms (Views: 9.4ms | ActiveRecord: 0.0ms)


Started GET "/" for ::1 at 2015-08-16 20:35:56 -0500
Processing by Rails::WelcomeController#index as HTML
  Rendered /Users/aj029489/.rvm/gems/ruby-2.1.5/gems/railties-4.2.3/lib/rails/templates/rails/welcome/index.html.erb (1.9ms)
Completed 200 OK in 26ms (Views: 17.1ms | ActiveRecord: 0.0ms)


Started GET "/" for ::1 at 2015-08-20 20:22:39 -0500
Processing by ApplicationController#index as HTML
  Rendered application/index.html.slim within layouts/application (21.7ms)
Completed 200 OK in 1622ms (Views: 1613.7ms | ActiveRecord: 0.0ms)


Started GET "/assets/application.self-e80e8f2318043e8af94dddc2adad5a4f09739a8ebb323b3ab31cd71d45fd9113.css?body=1" for ::1 at 2015-08-20 20:22:41 -0500


Started GET "/assets/jquery.self-d03a5518f45df77341bdbe6201ba3bfa547ebba8ed64f0ea56bfa5f96ea7c074.js?body=1" for ::1 at 2015-08-20 20:22:41 -0500


Started GET "/assets/jquery_ujs.self-ca5248a2fad13d6bd58ea121318d642f195f0b2dd818b30615f785ff365e8d1f.js?body=1" for ::1 at 2015-08-20 20:22:41 -0500


Started GET "/assets/turbolinks.self-c37727e9bd6b2735da5c311aa83fead54ed0be6cc8bd9a65309e9c5abe2cbfff.js?body=1" for ::1 at 2015-08-20 20:22:41 -0500


Started GET "/assets/application.self-3b8dabdc891efe46b9a144b400ad69e37d7e5876bdc39dee783419a69d7ca819.js?body=1" for ::1 at 2015-08-20 20:22:41 -0500


Started GET "/" for ::1 at 2015-08-20 20:23:27 -0500
Processing by ApplicationController#index as HTML
  Rendered application/index.html.slim within layouts/application (3.7ms)
Completed 200 OK in 29ms (Views: 27.4ms | ActiveRecord: 0.0ms)


Started GET "/assets/application.self-e80e8f2318043e8af94dddc2adad5a4f09739a8ebb323b3ab31cd71d45fd9113.css?body=1" for ::1 at 2015-08-20 20:23:27 -0500


Started GET "/assets/jquery.self-d03a5518f45df77341bdbe6201ba3bfa547ebba8ed64f0ea56bfa5f96ea7c074.js?body=1" for ::1 at 2015-08-20 20:23:27 -0500


Started GET "/assets/jquery_ujs.self-ca5248a2fad13d6bd58ea121318d642f195f0b2dd818b30615f785ff365e8d1f.js?body=1" for ::1 at 2015-08-20 20:23:27 -0500


Started GET "/assets/turbolinks.self-c37727e9bd6b2735da5c311aa83fead54ed0be6cc8bd9a65309e9c5abe2cbfff.js?body=1" for ::1 at 2015-08-20 20:23:27 -0500


Started GET "/assets/application.self-3b8dabdc891efe46b9a144b400ad69e37d7e5876bdc39dee783419a69d7ca819.js?body=1" for ::1 at 2015-08-20 20:23:27 -0500


Started GET "/" for ::1 at 2015-08-20 20:32:37 -0500
Processing by ApplicationController#index as HTML
  Rendered application/index.html.slim within layouts/application (13.8ms)
Completed 200 OK in 5502ms (Views: 5485.4ms | ActiveRecord: 0.0ms)


Started GET "/" for ::1 at 2015-08-20 20:32:43 -0500
Processing by ApplicationController#index as HTML
  Rendered application/index.html.slim within layouts/application (0.0ms)
Completed 200 OK in 90ms (Views: 89.6ms | ActiveRecord: 0.0ms)


Started GET "/" for ::1 at 2015-08-20 20:32:43 -0500
Processing by ApplicationController#index as HTML
  Rendered application/index.html.slim within layouts/application (0.0ms)
Completed 200 OK in 88ms (Views: 87.4ms | ActiveRecord: 0.0ms)


Started GET "/assets/foundation_and_overrides.self-ed8c01c62647736ab2efde4851be3ae919d77a0267c8b9d3646033e898b7e6ee.css?body=1" for ::1 at 2015-08-20 20:32:43 -0500


Started GET "/assets/application.self-167193cd81d9330d9ddb5c4ec7b44214fea529aa8a94f3a86e6526e4f652fc02.css?body=1" for ::1 at 2015-08-20 20:32:43 -0500


Started GET "/assets/vendor/modernizr.self-74da3245def7569da28115667be6a85a2ad97464abe707c9829c46d8975597bc.js?body=1" for ::1 at 2015-08-20 20:32:43 -0500


Started GET "/assets/jquery.self-d03a5518f45df77341bdbe6201ba3bfa547ebba8ed64f0ea56bfa5f96ea7c074.js?body=1" for ::1 at 2015-08-20 20:32:43 -0500


Started GET "/assets/jquery_ujs.self-ca5248a2fad13d6bd58ea121318d642f195f0b2dd818b30615f785ff365e8d1f.js?body=1" for ::1 at 2015-08-20 20:32:43 -0500


Started GET "/assets/foundation/foundation.self-ee5396739ce46beb039f26ea629172a74143752d74f703c6c3b219fc52aecf73.js?body=1" for ::1 at 2015-08-20 20:32:43 -0500


Started GET "/assets/foundation/foundation.abide.self-f8b56c707a79139807305a5f7efc2aaa0848f0c677abcc056496f507e0192b79.js?body=1" for ::1 at 2015-08-20 20:32:43 -0500


Started GET "/assets/foundation/foundation.accordion.self-d55abdcb0a7a29512be2f31f63d418cc8cc4505a0a3c71946d25484b0a0b3f4e.js?body=1" for ::1 at 2015-08-20 20:32:43 -0500


Started GET "/assets/foundation/foundation.alert.self-fbde7afb61e8ffd8ab9b717f0bed1e58cb9e0144a25cc773fea634d5554f62cd.js?body=1" for ::1 at 2015-08-20 20:32:43 -0500


Started GET "/assets/foundation/foundation.clearing.self-54610737b435a97590fcb176848c3c7a44c4d55d369894260fa7c28c97a70a23.js?body=1" for ::1 at 2015-08-20 20:32:43 -0500


Started GET "/assets/foundation/foundation.dropdown.self-c9ee29909e266373e5e814a73fc6ea062245ddd29466d35d232448f73350d78a.js?body=1" for ::1 at 2015-08-20 20:32:43 -0500


Started GET "/assets/foundation/foundation.equalizer.self-7aa743bf4660deb2fb2f601c112806a1703c430067531da3f41e4afffe19fee9.js?body=1" for ::1 at 2015-08-20 20:32:43 -0500


Started GET "/assets/foundation/foundation.interchange.self-dad8415355087cb21a16fa44bac20d602344d52de5aca9e588e3588fce5dd5a7.js?body=1" for ::1 at 2015-08-20 20:32:43 -0500


Started GET "/assets/foundation/foundation.joyride.self-0a5271728699423f583dd5b3b8a11bfe0dc9fb5044446bcf3218ef8ca906a82d.js?body=1" for ::1 at 2015-08-20 20:32:43 -0500


Started GET "/assets/foundation/foundation.magellan.self-a50193f172f11e57b373c3001072ba2d6b34b857ab251e9ded30af5242855687.js?body=1" for ::1 at 2015-08-20 20:32:43 -0500


Started GET "/assets/foundation/foundation.offcanvas.self-75bffd0c7f4f0d2992ab95f0cc6959282ebb5807da70123d40c01d76e230ec88.js?body=1" for ::1 at 2015-08-20 20:32:43 -0500


Started GET "/assets/foundation/foundation.orbit.self-f8d30eb1717c874db26723f9e07901ec0a325d59263f1404ee83a616bb597ad2.js?body=1" for ::1 at 2015-08-20 20:32:43 -0500


Started GET "/assets/foundation/foundation.reveal.self-95f01feb3e25e47b58b78da0021ae2fffafdee70846682067c180e0e10f7b095.js?body=1" for ::1 at 2015-08-20 20:32:43 -0500


Started GET "/assets/foundation/foundation.slider.self-8911a7352cb577b6b7973b0734d57d2b624c79286558ffa36fcac0c29b2d0bee.js?body=1" for ::1 at 2015-08-20 20:32:43 -0500


Started GET "/assets/foundation/foundation.tab.self-9bf6791513d1b20e213bb1aee3df0bc17128c7e18421258dc68a2a4ccabe1647.js?body=1" for ::1 at 2015-08-20 20:32:43 -0500


Started GET "/assets/foundation/foundation.tooltip.self-834156796c253580629cfffc720bdc3d191b1e5a5a6ddbc1102ecd08c876516c.js?body=1" for ::1 at 2015-08-20 20:32:43 -0500


Started GET "/assets/foundation/foundation.topbar.self-105416f061562f07c6a0a8057d68282fdc1eeb5dc306713fcae6c9a53001fc55.js?body=1" for ::1 at 2015-08-20 20:32:43 -0500


Started GET "/assets/foundation.self-abe4ee7a105042f73b12b1f1a28788522d2f253445a475a94ab4d6e1f7b0ec52.js?body=1" for ::1 at 2015-08-20 20:32:43 -0500


Started GET "/assets/turbolinks.self-c37727e9bd6b2735da5c311aa83fead54ed0be6cc8bd9a65309e9c5abe2cbfff.js?body=1" for ::1 at 2015-08-20 20:32:43 -0500


Started GET "/assets/application.self-79a300d240bbf145c9af961805bc87f18e9f73bd1cda275895295c80d8552d3f.js?body=1" for ::1 at 2015-08-20 20:32:43 -0500


Started GET "/" for ::1 at 2015-08-20 20:32:43 -0500
Processing by ApplicationController#index as HTML
  Rendered application/index.html.slim within layouts/application (0.0ms)
Completed 200 OK in 168ms (Views: 167.6ms | ActiveRecord: 0.0ms)


Started GET "/assets/foundation_and_overrides.self-ed8c01c62647736ab2efde4851be3ae919d77a0267c8b9d3646033e898b7e6ee.css?body=1" for ::1 at 2015-08-20 20:32:44 -0500


Started GET "/assets/application.self-167193cd81d9330d9ddb5c4ec7b44214fea529aa8a94f3a86e6526e4f652fc02.css?body=1" for ::1 at 2015-08-20 20:32:44 -0500


Started GET "/assets/jquery.self-d03a5518f45df77341bdbe6201ba3bfa547ebba8ed64f0ea56bfa5f96ea7c074.js?body=1" for ::1 at 2015-08-20 20:32:44 -0500


Started GET "/assets/vendor/modernizr.self-74da3245def7569da28115667be6a85a2ad97464abe707c9829c46d8975597bc.js?body=1" for ::1 at 2015-08-20 20:32:44 -0500


Started GET "/assets/foundation/foundation.self-ee5396739ce46beb039f26ea629172a74143752d74f703c6c3b219fc52aecf73.js?body=1" for ::1 at 2015-08-20 20:32:44 -0500


Started GET "/assets/jquery_ujs.self-ca5248a2fad13d6bd58ea121318d642f195f0b2dd818b30615f785ff365e8d1f.js?body=1" for ::1 at 2015-08-20 20:32:44 -0500


Started GET "/assets/foundation/foundation.abide.self-f8b56c707a79139807305a5f7efc2aaa0848f0c677abcc056496f507e0192b79.js?body=1" for ::1 at 2015-08-20 20:32:44 -0500


Started GET "/assets/foundation/foundation.accordion.self-d55abdcb0a7a29512be2f31f63d418cc8cc4505a0a3c71946d25484b0a0b3f4e.js?body=1" for ::1 at 2015-08-20 20:32:44 -0500


Started GET "/assets/foundation/foundation.alert.self-fbde7afb61e8ffd8ab9b717f0bed1e58cb9e0144a25cc773fea634d5554f62cd.js?body=1" for ::1 at 2015-08-20 20:32:44 -0500


Started GET "/assets/foundation/foundation.clearing.self-54610737b435a97590fcb176848c3c7a44c4d55d369894260fa7c28c97a70a23.js?body=1" for ::1 at 2015-08-20 20:32:44 -0500


Started GET "/assets/foundation/foundation.dropdown.self-c9ee29909e266373e5e814a73fc6ea062245ddd29466d35d232448f73350d78a.js?body=1" for ::1 at 2015-08-20 20:32:44 -0500


Started GET "/assets/foundation/foundation.equalizer.self-7aa743bf4660deb2fb2f601c112806a1703c430067531da3f41e4afffe19fee9.js?body=1" for ::1 at 2015-08-20 20:32:44 -0500


Started GET "/assets/foundation/foundation.interchange.self-dad8415355087cb21a16fa44bac20d602344d52de5aca9e588e3588fce5dd5a7.js?body=1" for ::1 at 2015-08-20 20:32:44 -0500


Started GET "/assets/foundation/foundation.joyride.self-0a5271728699423f583dd5b3b8a11bfe0dc9fb5044446bcf3218ef8ca906a82d.js?body=1" for ::1 at 2015-08-20 20:32:44 -0500


Started GET "/assets/foundation/foundation.magellan.self-a50193f172f11e57b373c3001072ba2d6b34b857ab251e9ded30af5242855687.js?body=1" for ::1 at 2015-08-20 20:32:44 -0500


Started GET "/assets/foundation/foundation.offcanvas.self-75bffd0c7f4f0d2992ab95f0cc6959282ebb5807da70123d40c01d76e230ec88.js?body=1" for ::1 at 2015-08-20 20:32:44 -0500


Started GET "/assets/foundation/foundation.orbit.self-f8d30eb1717c874db26723f9e07901ec0a325d59263f1404ee83a616bb597ad2.js?body=1" for ::1 at 2015-08-20 20:32:44 -0500


Started GET "/assets/foundation/foundation.reveal.self-95f01feb3e25e47b58b78da0021ae2fffafdee70846682067c180e0e10f7b095.js?body=1" for ::1 at 2015-08-20 20:32:44 -0500


Started GET "/assets/foundation/foundation.slider.self-8911a7352cb577b6b7973b0734d57d2b624c79286558ffa36fcac0c29b2d0bee.js?body=1" for ::1 at 2015-08-20 20:32:44 -0500


Started GET "/assets/foundation/foundation.tab.self-9bf6791513d1b20e213bb1aee3df0bc17128c7e18421258dc68a2a4ccabe1647.js?body=1" for ::1 at 2015-08-20 20:32:44 -0500


Started GET "/assets/foundation/foundation.tooltip.self-834156796c253580629cfffc720bdc3d191b1e5a5a6ddbc1102ecd08c876516c.js?body=1" for ::1 at 2015-08-20 20:32:44 -0500


Started GET "/assets/foundation/foundation.topbar.self-105416f061562f07c6a0a8057d68282fdc1eeb5dc306713fcae6c9a53001fc55.js?body=1" for ::1 at 2015-08-20 20:32:44 -0500


Started GET "/assets/foundation.self-abe4ee7a105042f73b12b1f1a28788522d2f253445a475a94ab4d6e1f7b0ec52.js?body=1" for ::1 at 2015-08-20 20:32:44 -0500


Started GET "/assets/turbolinks.self-c37727e9bd6b2735da5c311aa83fead54ed0be6cc8bd9a65309e9c5abe2cbfff.js?body=1" for ::1 at 2015-08-20 20:32:44 -0500


Started GET "/assets/application.self-79a300d240bbf145c9af961805bc87f18e9f73bd1cda275895295c80d8552d3f.js?body=1" for ::1 at 2015-08-20 20:32:44 -0500
